{"D:\\Desktop\\rppr_front\\rppr_front\\src\\utils\\jwt.ts": {"path":"D:\\Desktop\\rppr_front\\rppr_front\\src\\utils\\jwt.ts","statementMap":{"0":{"start":{"line":5,"column":2},"end":{"line":16,"column":null}},"1":{"start":{"line":6,"column":18},"end":{"line":6,"column":null}},"2":{"start":{"line":7,"column":4},"end":{"line":7,"column":null}},"3":{"start":{"line":7,"column":28},"end":{"line":7,"column":null}},"4":{"start":{"line":8,"column":19},"end":{"line":8,"column":null}},"5":{"start":{"line":9,"column":25},"end":{"line":9,"column":null}},"6":{"start":{"line":10,"column":17},"end":{"line":12,"column":null}},"7":{"start":{"line":11,"column":52},"end":{"line":11,"column":70}},"8":{"start":{"line":13,"column":4},"end":{"line":13,"column":null}},"9":{"start":{"line":15,"column":4},"end":{"line":15,"column":null}},"10":{"start":{"line":20,"column":2},"end":{"line":29,"column":null}},"11":{"start":{"line":21,"column":20},"end":{"line":21,"column":null}},"12":{"start":{"line":22,"column":4},"end":{"line":22,"column":null}},"13":{"start":{"line":22,"column":18},"end":{"line":22,"column":null}},"14":{"start":{"line":23,"column":16},"end":{"line":23,"column":null}},"15":{"start":{"line":24,"column":19},"end":{"line":24,"column":null}},"16":{"start":{"line":25,"column":15},"end":{"line":25,"column":null}},"17":{"start":{"line":26,"column":4},"end":{"line":26,"column":null}},"18":{"start":{"line":28,"column":4},"end":{"line":28,"column":null}},"19":{"start":{"line":34,"column":18},"end":{"line":34,"column":null}},"20":{"start":{"line":35,"column":14},"end":{"line":35,"column":null}},"21":{"start":{"line":36,"column":2},"end":{"line":36,"column":null}},"22":{"start":{"line":40,"column":18},"end":{"line":40,"column":null}},"23":{"start":{"line":41,"column":16},"end":{"line":41,"column":null}},"24":{"start":{"line":43,"column":2},"end":{"line":43,"column":null}},"25":{"start":{"line":43,"column":34},"end":{"line":43,"column":null}},"26":{"start":{"line":44,"column":2},"end":{"line":44,"column":null}},"27":{"start":{"line":44,"column":33},"end":{"line":44,"column":null}},"28":{"start":{"line":45,"column":2},"end":{"line":45,"column":null}},"29":{"start":{"line":45,"column":33},"end":{"line":45,"column":null}},"30":{"start":{"line":47,"column":2},"end":{"line":47,"column":null}}},"fnMap":{"0":{"name":"getJwtPayload","decl":{"start":{"line":4,"column":16},"end":{"line":4,"column":30}},"loc":{"start":{"line":4,"column":64},"end":{"line":17,"column":null}},"line":4},"1":{"name":"(anonymous_1)","decl":{"start":{"line":11,"column":39},"end":{"line":11,"column":43}},"loc":{"start":{"line":11,"column":52},"end":{"line":11,"column":70}},"line":11},"2":{"name":"getUserIdFromToken","decl":{"start":{"line":19,"column":16},"end":{"line":19,"column":35}},"loc":{"start":{"line":19,"column":65},"end":{"line":30,"column":null}},"line":19},"3":{"name":"getTokenExpiresAt","decl":{"start":{"line":33,"column":16},"end":{"line":33,"column":34}},"loc":{"start":{"line":33,"column":64},"end":{"line":37,"column":null}},"line":33},"4":{"name":"getIsManagerFromToken","decl":{"start":{"line":39,"column":16},"end":{"line":39,"column":38}},"loc":{"start":{"line":39,"column":62},"end":{"line":48,"column":null}},"line":39}},"branchMap":{"0":{"loc":{"start":{"line":7,"column":4},"end":{"line":7,"column":null}},"type":"if","locations":[{"start":{"line":7,"column":4},"end":{"line":7,"column":null}},{"start":{},"end":{}}],"line":7},"1":{"loc":{"start":{"line":22,"column":4},"end":{"line":22,"column":null}},"type":"if","locations":[{"start":{"line":22,"column":4},"end":{"line":22,"column":null}},{"start":{},"end":{}}],"line":22},"2":{"loc":{"start":{"line":25,"column":22},"end":{"line":25,"column":49}},"type":"binary-expr","locations":[{"start":{"line":25,"column":22},"end":{"line":25,"column":29}},{"start":{"line":25,"column":29},"end":{"line":25,"column":39}},{"start":{"line":25,"column":39},"end":{"line":25,"column":49}}],"line":25},"3":{"loc":{"start":{"line":26,"column":11},"end":{"line":26,"column":null}},"type":"cond-expr","locations":[{"start":{"line":26,"column":33},"end":{"line":26,"column":38}},{"start":{"line":26,"column":38},"end":{"line":26,"column":null}}],"line":26},"4":{"loc":{"start":{"line":36,"column":9},"end":{"line":36,"column":null}},"type":"cond-expr","locations":[{"start":{"line":36,"column":59},"end":{"line":36,"column":65}},{"start":{"line":36,"column":65},"end":{"line":36,"column":null}}],"line":36},"5":{"loc":{"start":{"line":36,"column":9},"end":{"line":36,"column":59}},"type":"binary-expr","locations":[{"start":{"line":36,"column":9},"end":{"line":36,"column":36}},{"start":{"line":36,"column":36},"end":{"line":36,"column":59}}],"line":36},"6":{"loc":{"start":{"line":43,"column":2},"end":{"line":43,"column":null}},"type":"if","locations":[{"start":{"line":43,"column":2},"end":{"line":43,"column":null}},{"start":{},"end":{}}],"line":43},"7":{"loc":{"start":{"line":44,"column":2},"end":{"line":44,"column":null}},"type":"if","locations":[{"start":{"line":44,"column":2},"end":{"line":44,"column":null}},{"start":{},"end":{}}],"line":44},"8":{"loc":{"start":{"line":45,"column":2},"end":{"line":45,"column":null}},"type":"if","locations":[{"start":{"line":45,"column":2},"end":{"line":45,"column":null}},{"start":{},"end":{}}],"line":45}},"s":{"0":20,"1":20,"2":20,"3":2,"4":18,"5":18,"6":18,"7":220,"8":18,"9":2,"10":6,"11":6,"12":6,"13":1,"14":5,"15":5,"16":5,"17":6,"18":0,"19":3,"20":3,"21":3,"22":7,"23":7,"24":7,"25":2,"26":5,"27":5,"28":3,"29":2,"30":1},"f":{"0":20,"1":220,"2":6,"3":3,"4":7},"b":{"0":[2,18],"1":[1,5],"2":[5,4,2],"3":[3,2],"4":[1,2],"5":[3,1],"6":[2,5],"7":[2,3],"8":[2,1]},"meta":{"lastBranch":9,"lastFunction":5,"lastStatement":31,"seen":{"f:4:16:4:30":0,"s:5:2:16:Infinity":0,"s:6:18:6:Infinity":1,"b:7:4:7:Infinity:undefined:undefined:undefined:undefined":0,"s:7:4:7:Infinity":2,"s:7:28:7:Infinity":3,"s:8:19:8:Infinity":4,"s:9:25:9:Infinity":5,"s:10:17:12:Infinity":6,"f:11:39:11:43":1,"s:11:52:11:70":7,"s:13:4:13:Infinity":8,"s:15:4:15:Infinity":9,"f:19:16:19:35":2,"s:20:2:29:Infinity":10,"s:21:20:21:Infinity":11,"b:22:4:22:Infinity:undefined:undefined:undefined:undefined":1,"s:22:4:22:Infinity":12,"s:22:18:22:Infinity":13,"s:23:16:23:Infinity":14,"s:24:19:24:Infinity":15,"s:25:15:25:Infinity":16,"b:25:22:25:29:25:29:25:39:25:39:25:49":2,"s:26:4:26:Infinity":17,"b:26:33:26:38:26:38:26:Infinity":3,"s:28:4:28:Infinity":18,"f:33:16:33:34":3,"s:34:18:34:Infinity":19,"s:35:14:35:Infinity":20,"s:36:2:36:Infinity":21,"b:36:59:36:65:36:65:36:Infinity":4,"b:36:9:36:36:36:36:36:59":5,"f:39:16:39:38":4,"s:40:18:40:Infinity":22,"s:41:16:41:Infinity":23,"b:43:2:43:Infinity:undefined:undefined:undefined:undefined":6,"s:43:2:43:Infinity":24,"s:43:34:43:Infinity":25,"b:44:2:44:Infinity:undefined:undefined:undefined:undefined":7,"s:44:2:44:Infinity":26,"s:44:33:44:Infinity":27,"b:45:2:45:Infinity:undefined:undefined:undefined:undefined":8,"s:45:2:45:Infinity":28,"s:45:33:45:Infinity":29,"s:47:2:47:Infinity":30}}}
}
