TN:
SF:src\utils\jwt.ts
FN:4,getJwtPayload
FN:11,(anonymous_1)
FN:19,getUserIdFromToken
FN:33,getTokenExpiresAt
FN:39,getIsManagerFromToken
FNF:5
FNH:5
FNDA:20,getJwtPayload
FNDA:220,(anonymous_1)
FNDA:6,getUserIdFromToken
FNDA:3,getTokenExpiresAt
FNDA:7,getIsManagerFromToken
DA:5,20
DA:6,20
DA:7,20
DA:8,18
DA:9,18
DA:10,18
DA:11,220
DA:13,18
DA:15,2
DA:20,6
DA:21,6
DA:22,6
DA:23,5
DA:24,5
DA:25,5
DA:26,6
DA:28,0
DA:34,3
DA:35,3
DA:36,3
DA:40,7
DA:41,7
DA:43,7
DA:44,5
DA:45,3
DA:47,1
LF:26
LH:25
BRDA:7,0,0,2
BRDA:7,0,1,18
BRDA:22,1,0,1
BRDA:22,1,1,5
BRDA:25,2,0,5
BRDA:25,2,1,4
BRDA:25,2,2,2
BRDA:26,3,0,3
BRDA:26,3,1,2
BRDA:36,4,0,1
BRDA:36,4,1,2
BRDA:36,5,0,3
BRDA:36,5,1,1
BRDA:43,6,0,2
BRDA:43,6,1,5
BRDA:44,7,0,2
BRDA:44,7,1,3
BRDA:45,8,0,2
BRDA:45,8,1,1
BRF:19
BRH:19
end_of_record
